<?xml version="1.0" encoding="UTF-8"?>
<!-- Generated by org.testng.reporters.JUnitReportReporter -->
<testsuite hostname="DESKTOP-G16OFC0" failures="0" tests="1" name="testcases.LoginTest" time="10.049" errors="0" timestamp="27 Apr 2019 13:49:38 GMT">
  <testcase classname="testcases.LoginTest" name="loginPageNavigation" time="10.049"/>
</testsuite> <!-- testcases.LoginTest -->
