<?xml version="1.0" encoding="UTF-8"?>
<!-- Generated by org.testng.reporters.JUnitReportReporter -->
<testsuite hostname="DESKTOP-G16OFC0" failures="0" tests="1" name="testcases.HomePageLandingTest" time="8.888" errors="0" timestamp="27 Apr 2019 22:59:38 GMT" skipped="0">
  <testcase classname="testcases.HomePageLandingTest" name="loginPageNavigation" time="8.888"/>
</testsuite> <!-- testcases.HomePageLandingTest -->
