<?xml version="1.0" encoding="UTF-8"?>
<!-- Generated by org.testng.reporters.JUnitReportReporter -->
<testsuite hostname="DESKTOP-G16OFC0" failures="0" tests="2" name="testcases.HomePageTest" time="212.631" errors="0" timestamp="27 Apr 2019 15:10:41 GMT">
  <testcase classname="testcases.HomePageTest" name="loginPageNavigation" time="172.069"/>
  <testcase classname="testcases.HomePageTest" name="loginPageNavigation" time="40.562"/>
</testsuite> <!-- testcases.HomePageTest -->
