<?xml version="1.0" encoding="UTF-8"?>
<!-- Generated by org.testng.reporters.JUnitReportReporter -->
<testsuite hostname="DESKTOP-G16OFC0" failures="0" tests="2" name="testcases.LoginPageLandingTest" time="32.025" errors="0" timestamp="27 Apr 2019 22:59:38 GMT" skipped="0">
  <testcase classname="testcases.LoginPageLandingTest" name="loginPageNavigation" time="15.904"/>
  <testcase classname="testcases.LoginPageLandingTest" name="loginPageNavigation" time="16.121"/>
</testsuite> <!-- testcases.LoginPageLandingTest -->
