<?xml version="1.0" encoding="UTF-8"?>
<!-- Generated by org.testng.reporters.JUnitReportReporter -->
<testsuite hostname="DESKTOP-G16OFC0" failures="0" tests="1" name="readexceldata.WriteExcel" time="0.584" errors="0" timestamp="13 Apr 2019 10:18:26 GMT" skipped="0">
  <testcase classname="readexceldata.WriteExcel" name="readExcelData" time="0.584"/>
</testsuite> <!-- readexceldata.WriteExcel -->
