<?xml version="1.0" encoding="UTF-8"?>
<!-- Generated by org.testng.reporters.JUnitReportReporter -->
<testsuite hostname="DESKTOP-G16OFC0" failures="0" tests="1" name="testng.ExpectedException" time="0.002" errors="0" timestamp="04 Apr 2019 00:15:42 GMT" skipped="0">
  <testcase classname="testng.ExpectedException" name="exceptionHandle" time="0.002"/>
</testsuite> <!-- testng.ExpectedException -->
