<?xml version="1.0" encoding="UTF-8"?>
<!-- Generated by org.testng.reporters.JUnitReportReporter -->
<testsuite hostname="DESKTOP-G16OFC0" failures="0" tests="3" name="testng.DependsOnMethod" time="0.010" errors="0" timestamp="07 Apr 2019 06:37:10 GMT" skipped="0">
  <testcase classname="testng.DependsOnMethod" name="login" time="0.008"/>
  <testcase classname="testng.DependsOnMethod" name="homePage" time="0.002"/>
  <testcase classname="testng.DependsOnMethod" name="Search" time="0.000"/>
</testsuite> <!-- testng.DependsOnMethod -->
