<?xml version="1.0" encoding="UTF-8"?>
<!-- Generated by org.testng.reporters.JUnitReportReporter -->
<testsuite hostname="DESKTOP-G16OFC0" failures="0" tests="2" name="testng.Basics" time="0.008" errors="0" timestamp="13 Apr 2019 08:58:28 GMT" skipped="0">
  <testcase classname="testng.Basics" name="googleLogo" time="0.006"/>
  <testcase classname="testng.Basics" name="googleTitle" time="0.002"/>
</testsuite> <!-- testng.Basics -->
