<?xml version="1.0" encoding="UTF-8"?>
<!-- Generated by org.testng.reporters.JUnitReportReporter -->
<testsuite hostname="DESKTOP-G16OFC0" failures="0" tests="5" name="testng.InvocationCount" time="0.013" errors="0" timestamp="07 Apr 2019 06:44:33 GMT" skipped="0">
  <testcase classname="testng.InvocationCount" name="sum" time="0.008"/>
  <testcase classname="testng.InvocationCount" name="sum" time="0.002"/>
  <testcase classname="testng.InvocationCount" name="sum" time="0.001"/>
  <testcase classname="testng.InvocationCount" name="sum" time="0.001"/>
  <testcase classname="testng.InvocationCount" name="sum" time="0.001"/>
</testsuite> <!-- testng.InvocationCount -->
