<?xml version="1.0" encoding="UTF-8"?>
<!-- Generated by org.testng.reporters.JUnitReportReporter -->
<testsuite hostname="DESKTOP-G16OFC0" failures="0" tests="1" name="testng.ParemetersDemo" time="17.765" errors="0" timestamp="07 Apr 2019 07:10:48 GMT" skipped="0">
  <testcase classname="testng.ParemetersDemo" name="facebookInput" time="17.765"/>
</testsuite> <!-- testng.ParemetersDemo -->
