<?xml version="1.0" encoding="UTF-8"?>
<!-- Generated by org.testng.reporters.JUnitReportReporter -->
<testsuite hostname="DESKTOP-G16OFC0" failures="0" tests="1" name="readexceldata.ReadExcel" time="0.437" errors="0" timestamp="14 Apr 2019 05:11:43 GMT" skipped="0">
  <testcase classname="readexceldata.ReadExcel" name="readExcelData" time="0.437"/>
</testsuite> <!-- readexceldata.ReadExcel -->
