<?xml version="1.0" encoding="UTF-8"?>
<!-- Generated by org.testng.reporters.JUnitReportReporter -->
<testsuite hostname="DESKTOP-G16OFC0" failures="0" tests="1" name="capturescreenshot.FacebookScreenshot" time="10.079" errors="0" timestamp="13 Apr 2019 11:04:46 GMT" skipped="0">
  <testcase classname="capturescreenshot.FacebookScreenshot" name="openFacebook" time="10.079"/>
</testsuite> <!-- capturescreenshot.FacebookScreenshot -->
