<?xml version="1.0" encoding="UTF-8"?>
<!-- Generated by org.testng.reporters.JUnitReportReporter -->
<testsuite hostname="DESKTOP-G16OFC0" failures="0" tests="1" name="readexceldata.ReadExcelParametrized" time="0.490" errors="0" timestamp="13 Apr 2019 10:12:59 GMT" skipped="0">
  <testcase classname="readexceldata.ReadExcelParametrized" name="readExcelData" time="0.490"/>
</testsuite> <!-- readexceldata.ReadExcelParametrized -->
