<?xml version="1.0" encoding="UTF-8"?>
<!-- Generated by org.testng.reporters.JUnitReportReporter -->
<testsuite hostname="DESKTOP-G16OFC0" failures="0" tests="3" name="testngassertion.GoogleTest" time="20.019" errors="0" timestamp="13 Apr 2019 09:34:07 GMT" skipped="0">
  <testcase classname="testngassertion.GoogleTest" name="googleLogo" time="6.443"/>
  <testcase classname="testngassertion.GoogleTest" name="mailLink" time="6.813"/>
  <testcase classname="testngassertion.GoogleTest" name="googleTitle" time="6.763"/>
</testsuite> <!-- testngassertion.GoogleTest -->
