<?xml version="1.0" encoding="UTF-8"?>
<!-- Generated by org.testng.reporters.JUnitReportReporter -->
<testsuite hostname="DESKTOP-G16OFC0" failures="0" tests="4" name="testng.Grouping" time="25.254" errors="0" timestamp="07 Apr 2019 06:46:49 GMT" skipped="0">
  <testcase classname="testng.Grouping" name="mailLink" time="6.943"/>
  <testcase classname="testng.Grouping" name="imagesLink" time="5.798"/>
  <testcase classname="testng.Grouping" name="googleLogo" time="6.257"/>
  <testcase classname="testng.Grouping" name="googleTitle" time="6.256"/>
</testsuite> <!-- testng.Grouping -->
