<?xml version="1.0" encoding="UTF-8"?>
<!-- Generated by org.testng.reporters.JUnitReportReporter -->
<testsuite hostname="DESKTOP-G16OFC0" failures="0" tests="2" name="testng.GoogleTest2" time="13.828" errors="0" timestamp="07 Apr 2019 06:34:30 GMT" skipped="0">
  <testcase classname="testng.GoogleTest2" name="googleTitleVerify" time="6.898"/>
  <testcase classname="testng.GoogleTest2" name="googleSearchBar" time="6.930"/>
</testsuite> <!-- testng.GoogleTest2 -->
