<?xml version="1.0" encoding="UTF-8"?>
<!-- Generated by org.testng.reporters.JUnitReportReporter -->
<testsuite hostname="DESKTOP-G16OFC0" failures="0" tests="1" name="headlessbrowser.VerifyTitleHtmlUnit" time="16.318" errors="0" timestamp="28 Apr 2019 04:45:01 GMT" skipped="0">
  <testcase classname="headlessbrowser.VerifyTitleHtmlUnit" name="verifyFacbookTitle" time="16.318"/>
</testsuite> <!-- headlessbrowser.VerifyTitleHtmlUnit -->
