<?xml version="1.0" encoding="UTF-8"?>
<!-- Generated by org.testng.reporters.JUnitReportReporter -->
<testsuite hostname="DESKTOP-G16OFC0" failures="0" tests="1" name="readexceldata.ReadExcel2" time="0.488" errors="0" timestamp="13 Apr 2019 10:11:48 GMT" skipped="0">
  <testcase classname="readexceldata.ReadExcel2" name="readExcelData" time="0.488"/>
</testsuite> <!-- readexceldata.ReadExcel2 -->
