<?xml version="1.0" encoding="UTF-8"?>
<!-- Generated by org.testng.reporters.JUnitReportReporter -->
<testsuite hostname="DESKTOP-G16OFC0" failures="0" tests="1" name="headlessbrowser.VerifyTitleChromeOptions" time="34.245" errors="0" timestamp="28 Apr 2019 04:48:36 GMT" skipped="0">
  <testcase classname="headlessbrowser.VerifyTitleChromeOptions" name="verifyFacbookTitle" time="34.245"/>
</testsuite> <!-- headlessbrowser.VerifyTitleChromeOptions -->
