<?xml version="1.0" encoding="UTF-8"?>
<!-- Generated by org.testng.reporters.JUnitReportReporter -->
<testsuite hostname="DESKTOP-G16OFC0" failures="0" tests="3" name="testng.GoogleTest" time="18.208" errors="0" timestamp="04 Apr 2019 00:26:01 GMT" skipped="0">
  <testcase classname="testng.GoogleTest" name="googleLogo" time="6.000"/>
  <testcase classname="testng.GoogleTest" name="mailLink" time="6.062"/>
  <testcase classname="testng.GoogleTest" name="googleTitle" time="6.146"/>
</testsuite> <!-- testng.GoogleTest -->
