<?xml version="1.0" encoding="UTF-8"?>
<!-- Generated by org.testng.reporters.JUnitReportReporter -->
<testsuite hostname="DESKTOP-G16OFC0" failures="0" tests="1" name="testcases.LoginTestFactory" time="13.688" errors="0" timestamp="09 Apr 2019 01:39:57 GMT" skipped="0">
  <testcase classname="testcases.LoginTestFactory" name="login" time="13.688"/>
</testsuite> <!-- testcases.LoginTestFactory -->
