<?xml version="1.0" encoding="UTF-8"?>
<!-- Generated by org.testng.reporters.JUnitReportReporter -->
<testsuite hostname="DESKTOP-G16OFC0" failures="0" tests="1" name="testcases.LoginTest" time="18.337" errors="0" timestamp="09 Apr 2019 01:24:22 GMT" skipped="0">
  <testcase classname="testcases.LoginTest" name="login" time="18.337"/>
</testsuite> <!-- testcases.LoginTest -->
